<?xml version="1.0" encoding="UTF-8"?>
<!-- Generated by org.testng.reporters.JUnitXMLReporter -->
<testsuite ignored="0" hostname="DESKTOP-J3GJJKV" failures="1" tests="2" name="Test" time="21.857" errors="0" timestamp="2024-09-22T13:02:27 IST">
  <testcase classname="com.opencart.testcases.TC001_AccountRegistrationTest" name="verify_account_registration" time="1.63"/>
  <testcase classname="com.opencart.testcases.TC002_UserLoginTest" name="verify_user_login" time="11.502">
    <failure type="java.lang.AssertionError" message="expected [true] but found [false]">
      <![CDATA[java.lang.AssertionError: expected [true] but found [false]
at com.opencart.testcases.TC002_UserLoginTest.verify_user_login(TC002_UserLoginTest.java:34)
at java.base/java.util.ArrayList.forEach(ArrayList.java:1596)
... Removed 29 stack frames]]>
    </failure>
  </testcase> <!-- verify_user_login -->
</testsuite> <!-- Test -->
